0 info it worked if it ends with ok
1 verbose cli [ '/usr/bin/node',
1 verbose cli   '/usr/bin/npm',
1 verbose cli   'install',
1 verbose cli   'express-generator',
1 verbose cli   '-g' ]
2 info using npm@3.10.10
3 info using node@v6.11.4
4 silly loadCurrentTree Starting
5 silly install loadCurrentTree
6 silly install readGlobalPackageData
7 silly fetchPackageMetaData express-generator
8 silly fetchNamedPackageData express-generator
9 silly mapToRegistry name express-generator
10 silly mapToRegistry using default registry
11 silly mapToRegistry registry https://registry.npmjs.org/
12 silly mapToRegistry data Result {
12 silly mapToRegistry   raw: 'express-generator',
12 silly mapToRegistry   scope: null,
12 silly mapToRegistry   escapedName: 'express-generator',
12 silly mapToRegistry   name: 'express-generator',
12 silly mapToRegistry   rawSpec: '',
12 silly mapToRegistry   spec: 'latest',
12 silly mapToRegistry   type: 'tag' }
13 silly mapToRegistry uri https://registry.npmjs.org/express-generator
14 verbose request uri https://registry.npmjs.org/express-generator
15 verbose request no auth needed
16 info attempt registry request try #1 at 10:47:15
17 verbose request id 9fd597e68837cc3f
18 verbose etag W/"59e74805-a922"
19 verbose lastModified Wed, 18 Oct 2017 12:24:37 GMT
20 http request GET https://registry.npmjs.org/express-generator
21 http 304 https://registry.npmjs.org/express-generator
22 verbose headers { date: 'Thu, 19 Oct 2017 08:47:15 GMT',
22 verbose headers   via: '1.1 varnish',
22 verbose headers   'cache-control': 'max-age=300',
22 verbose headers   etag: 'W/"59e74805-a922"',
22 verbose headers   age: '200',
22 verbose headers   connection: 'keep-alive',
22 verbose headers   'x-served-by': 'cache-cdg8726-CDG',
22 verbose headers   'x-cache': 'HIT',
22 verbose headers   'x-cache-hits': '2',
22 verbose headers   'x-timer': 'S1508402836.529086,VS0,VE0',
22 verbose headers   vary: 'Accept-Encoding, Accept' }
23 silly get cb [ 304,
23 silly get   { date: 'Thu, 19 Oct 2017 08:47:15 GMT',
23 silly get     via: '1.1 varnish',
23 silly get     'cache-control': 'max-age=300',
23 silly get     etag: 'W/"59e74805-a922"',
23 silly get     age: '200',
23 silly get     connection: 'keep-alive',
23 silly get     'x-served-by': 'cache-cdg8726-CDG',
23 silly get     'x-cache': 'HIT',
23 silly get     'x-cache-hits': '2',
23 silly get     'x-timer': 'S1508402836.529086,VS0,VE0',
23 silly get     vary: 'Accept-Encoding, Accept' } ]
24 verbose etag https://registry.npmjs.org/express-generator from cache
25 verbose get saving express-generator to /home/tblondel/.npm/registry.npmjs.org/express-generator/.cache.json
26 verbose correctMkdir /home/tblondel/.npm correctMkdir not in flight; initializing
27 silly install normalizeTree
28 silly loadCurrentTree Finishing
29 silly loadIdealTree Starting
30 silly install loadIdealTree
31 silly cloneCurrentTree Starting
32 silly install cloneCurrentTreeToIdealTree
33 silly cloneCurrentTree Finishing
34 silly loadShrinkwrap Starting
35 silly install loadShrinkwrap
36 silly loadShrinkwrap Finishing
37 silly loadAllDepsIntoIdealTree Starting
38 silly install loadAllDepsIntoIdealTree
39 silly resolveWithNewModule express-generator@4.15.5 checking installable status
40 silly cache add args [ 'express-generator', null ]
41 verbose cache add spec express-generator
42 silly cache add parsed spec Result {
42 silly cache add   raw: 'express-generator',
42 silly cache add   scope: null,
42 silly cache add   escapedName: 'express-generator',
42 silly cache add   name: 'express-generator',
42 silly cache add   rawSpec: '',
42 silly cache add   spec: 'latest',
42 silly cache add   type: 'tag' }
43 silly addNamed express-generator@latest
44 verbose addNamed "latest" is being treated as a dist-tag for express-generator
45 info addNameTag [ 'express-generator', 'latest' ]
46 silly mapToRegistry name express-generator
47 silly mapToRegistry using default registry
48 silly mapToRegistry registry https://registry.npmjs.org/
49 silly mapToRegistry data Result {
49 silly mapToRegistry   raw: 'express-generator',
49 silly mapToRegistry   scope: null,
49 silly mapToRegistry   escapedName: 'express-generator',
49 silly mapToRegistry   name: 'express-generator',
49 silly mapToRegistry   rawSpec: '',
49 silly mapToRegistry   spec: 'latest',
49 silly mapToRegistry   type: 'tag' }
50 silly mapToRegistry uri https://registry.npmjs.org/express-generator
51 verbose addNameTag registry:https://registry.npmjs.org/express-generator not in flight; fetching
52 verbose get https://registry.npmjs.org/express-generator not expired, no request
53 silly addNameTag next cb for express-generator with tag latest
54 silly addNamed express-generator@4.15.5
55 verbose addNamed "4.15.5" is a plain semver version for express-generator
56 silly cache afterAdd express-generator@4.15.5
57 verbose afterAdd /home/tblondel/.npm/express-generator/4.15.5/package/package.json not in flight; writing
58 verbose correctMkdir /home/tblondel/.npm correctMkdir not in flight; initializing
59 verbose afterAdd /home/tblondel/.npm/express-generator/4.15.5/package/package.json written
60 silly fetchNamedPackageData commander
61 silly mapToRegistry name commander
62 silly mapToRegistry using default registry
63 silly mapToRegistry registry https://registry.npmjs.org/
64 silly mapToRegistry data Result {
64 silly mapToRegistry   raw: 'commander',
64 silly mapToRegistry   scope: null,
64 silly mapToRegistry   escapedName: 'commander',
64 silly mapToRegistry   name: 'commander',
64 silly mapToRegistry   rawSpec: '',
64 silly mapToRegistry   spec: 'latest',
64 silly mapToRegistry   type: 'tag' }
65 silly mapToRegistry uri https://registry.npmjs.org/commander
66 silly fetchNamedPackageData ejs
67 silly mapToRegistry name ejs
68 silly mapToRegistry using default registry
69 silly mapToRegistry registry https://registry.npmjs.org/
70 silly mapToRegistry data Result {
70 silly mapToRegistry   raw: 'ejs',
70 silly mapToRegistry   scope: null,
70 silly mapToRegistry   escapedName: 'ejs',
70 silly mapToRegistry   name: 'ejs',
70 silly mapToRegistry   rawSpec: '',
70 silly mapToRegistry   spec: 'latest',
70 silly mapToRegistry   type: 'tag' }
71 silly mapToRegistry uri https://registry.npmjs.org/ejs
72 silly fetchNamedPackageData mkdirp
73 silly mapToRegistry name mkdirp
74 silly mapToRegistry using default registry
75 silly mapToRegistry registry https://registry.npmjs.org/
76 silly mapToRegistry data Result {
76 silly mapToRegistry   raw: 'mkdirp',
76 silly mapToRegistry   scope: null,
76 silly mapToRegistry   escapedName: 'mkdirp',
76 silly mapToRegistry   name: 'mkdirp',
76 silly mapToRegistry   rawSpec: '',
76 silly mapToRegistry   spec: 'latest',
76 silly mapToRegistry   type: 'tag' }
77 silly mapToRegistry uri https://registry.npmjs.org/mkdirp
78 silly fetchNamedPackageData sorted-object
79 silly mapToRegistry name sorted-object
80 silly mapToRegistry using default registry
81 silly mapToRegistry registry https://registry.npmjs.org/
82 silly mapToRegistry data Result {
82 silly mapToRegistry   raw: 'sorted-object',
82 silly mapToRegistry   scope: null,
82 silly mapToRegistry   escapedName: 'sorted-object',
82 silly mapToRegistry   name: 'sorted-object',
82 silly mapToRegistry   rawSpec: '',
82 silly mapToRegistry   spec: 'latest',
82 silly mapToRegistry   type: 'tag' }
83 silly mapToRegistry uri https://registry.npmjs.org/sorted-object
84 verbose request uri https://registry.npmjs.org/mkdirp
85 verbose request no auth needed
86 info attempt registry request try #1 at 10:47:15
87 verbose etag W/"59e85c7f-67de"
88 verbose lastModified Thu, 19 Oct 2017 08:04:15 GMT
89 http request GET https://registry.npmjs.org/mkdirp
90 verbose request uri https://registry.npmjs.org/commander
91 verbose request no auth needed
92 info attempt registry request try #1 at 10:47:15
93 verbose etag W/"59e76229-11888"
94 verbose lastModified Wed, 18 Oct 2017 14:16:09 GMT
95 http request GET https://registry.npmjs.org/commander
96 verbose request uri https://registry.npmjs.org/ejs
97 verbose request no auth needed
98 info attempt registry request try #1 at 10:47:15
99 verbose etag W/"59e7057b-1138c"
100 verbose lastModified Wed, 18 Oct 2017 07:40:43 GMT
101 http request GET https://registry.npmjs.org/ejs
102 verbose request uri https://registry.npmjs.org/sorted-object
103 verbose request no auth needed
104 info attempt registry request try #1 at 10:47:15
105 verbose etag W/"57d499b1-1545"
106 verbose lastModified Sat, 10 Sep 2016 23:39:29 GMT
107 http request GET https://registry.npmjs.org/sorted-object
108 http 304 https://registry.npmjs.org/mkdirp
109 verbose headers { date: 'Thu, 19 Oct 2017 08:47:15 GMT',
109 verbose headers   via: '1.1 varnish',
109 verbose headers   'cache-control': 'max-age=300',
109 verbose headers   etag: 'W/"59e85c7f-67de"',
109 verbose headers   age: '154',
109 verbose headers   connection: 'keep-alive',
109 verbose headers   'x-served-by': 'cache-cdg8726-CDG',
109 verbose headers   'x-cache': 'HIT',
109 verbose headers   'x-cache-hits': '261',
109 verbose headers   'x-timer': 'S1508402836.734336,VS0,VE0',
109 verbose headers   vary: 'Accept-Encoding, Accept' }
110 silly get cb [ 304,
110 silly get   { date: 'Thu, 19 Oct 2017 08:47:15 GMT',
110 silly get     via: '1.1 varnish',
110 silly get     'cache-control': 'max-age=300',
110 silly get     etag: 'W/"59e85c7f-67de"',
110 silly get     age: '154',
110 silly get     connection: 'keep-alive',
110 silly get     'x-served-by': 'cache-cdg8726-CDG',
110 silly get     'x-cache': 'HIT',
110 silly get     'x-cache-hits': '261',
110 silly get     'x-timer': 'S1508402836.734336,VS0,VE0',
110 silly get     vary: 'Accept-Encoding, Accept' } ]
111 verbose etag https://registry.npmjs.org/mkdirp from cache
112 verbose get saving mkdirp to /home/tblondel/.npm/registry.npmjs.org/mkdirp/.cache.json
113 verbose correctMkdir /home/tblondel/.npm correctMkdir not in flight; initializing
114 silly resolveWithNewModule mkdirp@0.5.1 checking installable status
115 silly cache add args [ 'mkdirp@0.5.1', null ]
116 verbose cache add spec mkdirp@0.5.1
117 silly cache add parsed spec Result {
117 silly cache add   raw: 'mkdirp@0.5.1',
117 silly cache add   scope: null,
117 silly cache add   escapedName: 'mkdirp',
117 silly cache add   name: 'mkdirp',
117 silly cache add   rawSpec: '0.5.1',
117 silly cache add   spec: '0.5.1',
117 silly cache add   type: 'version' }
118 silly addNamed mkdirp@0.5.1
119 verbose addNamed "0.5.1" is a plain semver version for mkdirp
120 silly mapToRegistry name mkdirp
121 silly mapToRegistry using default registry
122 silly mapToRegistry registry https://registry.npmjs.org/
123 silly mapToRegistry data Result {
123 silly mapToRegistry   raw: 'mkdirp',
123 silly mapToRegistry   scope: null,
123 silly mapToRegistry   escapedName: 'mkdirp',
123 silly mapToRegistry   name: 'mkdirp',
123 silly mapToRegistry   rawSpec: '',
123 silly mapToRegistry   spec: 'latest',
123 silly mapToRegistry   type: 'tag' }
124 silly mapToRegistry uri https://registry.npmjs.org/mkdirp
125 verbose addNameVersion registry:https://registry.npmjs.org/mkdirp not in flight; fetching
126 verbose get https://registry.npmjs.org/mkdirp not expired, no request
127 silly cache afterAdd mkdirp@0.5.1
128 verbose afterAdd /home/tblondel/.npm/mkdirp/0.5.1/package/package.json not in flight; writing
129 verbose correctMkdir /home/tblondel/.npm correctMkdir not in flight; initializing
130 verbose afterAdd /home/tblondel/.npm/mkdirp/0.5.1/package/package.json written
131 http 304 https://registry.npmjs.org/commander
132 verbose headers { date: 'Thu, 19 Oct 2017 08:47:15 GMT',
132 verbose headers   via: '1.1 varnish',
132 verbose headers   'cache-control': 'max-age=300',
132 verbose headers   etag: 'W/"59e76229-11888"',
132 verbose headers   age: '293',
132 verbose headers   connection: 'keep-alive',
132 verbose headers   'x-served-by': 'cache-cdg8733-CDG',
132 verbose headers   'x-cache': 'HIT',
132 verbose headers   'x-cache-hits': '613',
132 verbose headers   'x-timer': 'S1508402836.897284,VS0,VE0',
132 verbose headers   vary: 'Accept-Encoding, Accept' }
133 silly get cb [ 304,
133 silly get   { date: 'Thu, 19 Oct 2017 08:47:15 GMT',
133 silly get     via: '1.1 varnish',
133 silly get     'cache-control': 'max-age=300',
133 silly get     etag: 'W/"59e76229-11888"',
133 silly get     age: '293',
133 silly get     connection: 'keep-alive',
133 silly get     'x-served-by': 'cache-cdg8733-CDG',
133 silly get     'x-cache': 'HIT',
133 silly get     'x-cache-hits': '613',
133 silly get     'x-timer': 'S1508402836.897284,VS0,VE0',
133 silly get     vary: 'Accept-Encoding, Accept' } ]
134 verbose etag https://registry.npmjs.org/commander from cache
135 verbose get saving commander to /home/tblondel/.npm/registry.npmjs.org/commander/.cache.json
136 verbose correctMkdir /home/tblondel/.npm correctMkdir not in flight; initializing
137 silly resolveWithNewModule commander@2.11.0 checking installable status
138 silly cache add args [ 'commander@2.11.0', null ]
139 verbose cache add spec commander@2.11.0
140 silly cache add parsed spec Result {
140 silly cache add   raw: 'commander@2.11.0',
140 silly cache add   scope: null,
140 silly cache add   escapedName: 'commander',
140 silly cache add   name: 'commander',
140 silly cache add   rawSpec: '2.11.0',
140 silly cache add   spec: '2.11.0',
140 silly cache add   type: 'version' }
141 silly addNamed commander@2.11.0
142 verbose addNamed "2.11.0" is a plain semver version for commander
143 silly mapToRegistry name commander
144 silly mapToRegistry using default registry
145 silly mapToRegistry registry https://registry.npmjs.org/
146 silly mapToRegistry data Result {
146 silly mapToRegistry   raw: 'commander',
146 silly mapToRegistry   scope: null,
146 silly mapToRegistry   escapedName: 'commander',
146 silly mapToRegistry   name: 'commander',
146 silly mapToRegistry   rawSpec: '',
146 silly mapToRegistry   spec: 'latest',
146 silly mapToRegistry   type: 'tag' }
147 silly mapToRegistry uri https://registry.npmjs.org/commander
148 verbose addNameVersion registry:https://registry.npmjs.org/commander not in flight; fetching
149 http 304 https://registry.npmjs.org/ejs
150 verbose headers { date: 'Thu, 19 Oct 2017 08:47:15 GMT',
150 verbose headers   via: '1.1 varnish',
150 verbose headers   'cache-control': 'max-age=300',
150 verbose headers   etag: 'W/"59e7057b-1138c"',
150 verbose headers   age: '91',
150 verbose headers   connection: 'keep-alive',
150 verbose headers   'x-served-by': 'cache-cdg8722-CDG',
150 verbose headers   'x-cache': 'HIT',
150 verbose headers   'x-cache-hits': '2',
150 verbose headers   'x-timer': 'S1508402836.910613,VS0,VE0',
150 verbose headers   vary: 'Accept-Encoding, Accept' }
151 silly get cb [ 304,
151 silly get   { date: 'Thu, 19 Oct 2017 08:47:15 GMT',
151 silly get     via: '1.1 varnish',
151 silly get     'cache-control': 'max-age=300',
151 silly get     etag: 'W/"59e7057b-1138c"',
151 silly get     age: '91',
151 silly get     connection: 'keep-alive',
151 silly get     'x-served-by': 'cache-cdg8722-CDG',
151 silly get     'x-cache': 'HIT',
151 silly get     'x-cache-hits': '2',
151 silly get     'x-timer': 'S1508402836.910613,VS0,VE0',
151 silly get     vary: 'Accept-Encoding, Accept' } ]
152 verbose etag https://registry.npmjs.org/ejs from cache
153 verbose get saving ejs to /home/tblondel/.npm/registry.npmjs.org/ejs/.cache.json
154 verbose correctMkdir /home/tblondel/.npm correctMkdir not in flight; initializing
155 http 304 https://registry.npmjs.org/sorted-object
156 verbose headers { date: 'Thu, 19 Oct 2017 08:47:15 GMT',
156 verbose headers   via: '1.1 varnish',
156 verbose headers   'cache-control': 'max-age=300',
156 verbose headers   etag: 'W/"57d499b1-1545"',
156 verbose headers   age: '187',
156 verbose headers   connection: 'keep-alive',
156 verbose headers   'x-served-by': 'cache-cdg8730-CDG',
156 verbose headers   'x-cache': 'HIT',
156 verbose headers   'x-cache-hits': '2',
156 verbose headers   'x-timer': 'S1508402836.911978,VS0,VE0',
156 verbose headers   vary: 'Accept-Encoding, Accept' }
157 silly get cb [ 304,
157 silly get   { date: 'Thu, 19 Oct 2017 08:47:15 GMT',
157 silly get     via: '1.1 varnish',
157 silly get     'cache-control': 'max-age=300',
157 silly get     etag: 'W/"57d499b1-1545"',
157 silly get     age: '187',
157 silly get     connection: 'keep-alive',
157 silly get     'x-served-by': 'cache-cdg8730-CDG',
157 silly get     'x-cache': 'HIT',
157 silly get     'x-cache-hits': '2',
157 silly get     'x-timer': 'S1508402836.911978,VS0,VE0',
157 silly get     vary: 'Accept-Encoding, Accept' } ]
158 verbose etag https://registry.npmjs.org/sorted-object from cache
159 verbose get saving sorted-object to /home/tblondel/.npm/registry.npmjs.org/sorted-object/.cache.json
160 verbose correctMkdir /home/tblondel/.npm correctMkdir not in flight; initializing
161 verbose get https://registry.npmjs.org/commander not expired, no request
162 silly resolveWithNewModule ejs@2.5.7 checking installable status
163 silly cache add args [ 'ejs@2.5.7', null ]
164 verbose cache add spec ejs@2.5.7
165 silly cache add parsed spec Result {
165 silly cache add   raw: 'ejs@2.5.7',
165 silly cache add   scope: null,
165 silly cache add   escapedName: 'ejs',
165 silly cache add   name: 'ejs',
165 silly cache add   rawSpec: '2.5.7',
165 silly cache add   spec: '2.5.7',
165 silly cache add   type: 'version' }
166 silly addNamed ejs@2.5.7
167 verbose addNamed "2.5.7" is a plain semver version for ejs
168 silly mapToRegistry name ejs
169 silly mapToRegistry using default registry
170 silly mapToRegistry registry https://registry.npmjs.org/
171 silly mapToRegistry data Result {
171 silly mapToRegistry   raw: 'ejs',
171 silly mapToRegistry   scope: null,
171 silly mapToRegistry   escapedName: 'ejs',
171 silly mapToRegistry   name: 'ejs',
171 silly mapToRegistry   rawSpec: '',
171 silly mapToRegistry   spec: 'latest',
171 silly mapToRegistry   type: 'tag' }
172 silly mapToRegistry uri https://registry.npmjs.org/ejs
173 verbose addNameVersion registry:https://registry.npmjs.org/ejs not in flight; fetching
174 silly resolveWithNewModule sorted-object@2.0.1 checking installable status
175 silly cache add args [ 'sorted-object@2.0.1', null ]
176 verbose cache add spec sorted-object@2.0.1
177 silly cache add parsed spec Result {
177 silly cache add   raw: 'sorted-object@2.0.1',
177 silly cache add   scope: null,
177 silly cache add   escapedName: 'sorted-object',
177 silly cache add   name: 'sorted-object',
177 silly cache add   rawSpec: '2.0.1',
177 silly cache add   spec: '2.0.1',
177 silly cache add   type: 'version' }
178 silly addNamed sorted-object@2.0.1
179 verbose addNamed "2.0.1" is a plain semver version for sorted-object
180 silly mapToRegistry name sorted-object
181 silly mapToRegistry using default registry
182 silly mapToRegistry registry https://registry.npmjs.org/
183 silly mapToRegistry data Result {
183 silly mapToRegistry   raw: 'sorted-object',
183 silly mapToRegistry   scope: null,
183 silly mapToRegistry   escapedName: 'sorted-object',
183 silly mapToRegistry   name: 'sorted-object',
183 silly mapToRegistry   rawSpec: '',
183 silly mapToRegistry   spec: 'latest',
183 silly mapToRegistry   type: 'tag' }
184 silly mapToRegistry uri https://registry.npmjs.org/sorted-object
185 verbose addNameVersion registry:https://registry.npmjs.org/sorted-object not in flight; fetching
186 verbose get https://registry.npmjs.org/sorted-object not expired, no request
187 verbose get https://registry.npmjs.org/ejs not expired, no request
188 silly cache afterAdd commander@2.11.0
189 verbose afterAdd /home/tblondel/.npm/commander/2.11.0/package/package.json not in flight; writing
190 verbose correctMkdir /home/tblondel/.npm correctMkdir not in flight; initializing
191 silly cache afterAdd sorted-object@2.0.1
192 verbose afterAdd /home/tblondel/.npm/sorted-object/2.0.1/package/package.json not in flight; writing
193 verbose correctMkdir /home/tblondel/.npm correctMkdir not in flight; initializing
194 silly cache afterAdd ejs@2.5.7
195 verbose afterAdd /home/tblondel/.npm/ejs/2.5.7/package/package.json not in flight; writing
196 verbose correctMkdir /home/tblondel/.npm correctMkdir not in flight; initializing
197 verbose afterAdd /home/tblondel/.npm/commander/2.11.0/package/package.json written
198 verbose afterAdd /home/tblondel/.npm/sorted-object/2.0.1/package/package.json written
199 verbose afterAdd /home/tblondel/.npm/ejs/2.5.7/package/package.json written
200 silly fetchNamedPackageData minimist
201 silly mapToRegistry name minimist
202 silly mapToRegistry using default registry
203 silly mapToRegistry registry https://registry.npmjs.org/
204 silly mapToRegistry data Result {
204 silly mapToRegistry   raw: 'minimist',
204 silly mapToRegistry   scope: null,
204 silly mapToRegistry   escapedName: 'minimist',
204 silly mapToRegistry   name: 'minimist',
204 silly mapToRegistry   rawSpec: '',
204 silly mapToRegistry   spec: 'latest',
204 silly mapToRegistry   type: 'tag' }
205 silly mapToRegistry uri https://registry.npmjs.org/minimist
206 verbose request uri https://registry.npmjs.org/minimist
207 verbose request no auth needed
208 info attempt registry request try #1 at 10:47:15
209 verbose etag W/"59e85fc4-77da"
210 verbose lastModified Thu, 19 Oct 2017 08:18:12 GMT
211 http request GET https://registry.npmjs.org/minimist
212 http 304 https://registry.npmjs.org/minimist
213 verbose headers { date: 'Thu, 19 Oct 2017 08:47:16 GMT',
213 verbose headers   via: '1.1 varnish',
213 verbose headers   'cache-control': 'max-age=300',
213 verbose headers   etag: 'W/"59e85fc4-77da"',
213 verbose headers   age: '228',
213 verbose headers   connection: 'keep-alive',
213 verbose headers   'x-served-by': 'cache-cdg8726-CDG',
213 verbose headers   'x-cache': 'HIT',
213 verbose headers   'x-cache-hits': '26',
213 verbose headers   'x-timer': 'S1508402836.009762,VS0,VE0',
213 verbose headers   vary: 'Accept-Encoding, Accept' }
214 silly get cb [ 304,
214 silly get   { date: 'Thu, 19 Oct 2017 08:47:16 GMT',
214 silly get     via: '1.1 varnish',
214 silly get     'cache-control': 'max-age=300',
214 silly get     etag: 'W/"59e85fc4-77da"',
214 silly get     age: '228',
214 silly get     connection: 'keep-alive',
214 silly get     'x-served-by': 'cache-cdg8726-CDG',
214 silly get     'x-cache': 'HIT',
214 silly get     'x-cache-hits': '26',
214 silly get     'x-timer': 'S1508402836.009762,VS0,VE0',
214 silly get     vary: 'Accept-Encoding, Accept' } ]
215 verbose etag https://registry.npmjs.org/minimist from cache
216 verbose get saving minimist to /home/tblondel/.npm/registry.npmjs.org/minimist/.cache.json
217 verbose correctMkdir /home/tblondel/.npm correctMkdir not in flight; initializing
218 silly resolveWithNewModule minimist@0.0.8 checking installable status
219 silly cache add args [ 'minimist@0.0.8', null ]
220 verbose cache add spec minimist@0.0.8
221 silly cache add parsed spec Result {
221 silly cache add   raw: 'minimist@0.0.8',
221 silly cache add   scope: null,
221 silly cache add   escapedName: 'minimist',
221 silly cache add   name: 'minimist',
221 silly cache add   rawSpec: '0.0.8',
221 silly cache add   spec: '0.0.8',
221 silly cache add   type: 'version' }
222 silly addNamed minimist@0.0.8
223 verbose addNamed "0.0.8" is a plain semver version for minimist
224 silly mapToRegistry name minimist
225 silly mapToRegistry using default registry
226 silly mapToRegistry registry https://registry.npmjs.org/
227 silly mapToRegistry data Result {
227 silly mapToRegistry   raw: 'minimist',
227 silly mapToRegistry   scope: null,
227 silly mapToRegistry   escapedName: 'minimist',
227 silly mapToRegistry   name: 'minimist',
227 silly mapToRegistry   rawSpec: '',
227 silly mapToRegistry   spec: 'latest',
227 silly mapToRegistry   type: 'tag' }
228 silly mapToRegistry uri https://registry.npmjs.org/minimist
229 verbose addNameVersion registry:https://registry.npmjs.org/minimist not in flight; fetching
230 verbose get https://registry.npmjs.org/minimist not expired, no request
231 silly cache afterAdd minimist@0.0.8
232 verbose afterAdd /home/tblondel/.npm/minimist/0.0.8/package/package.json not in flight; writing
233 verbose correctMkdir /home/tblondel/.npm correctMkdir not in flight; initializing
234 verbose afterAdd /home/tblondel/.npm/minimist/0.0.8/package/package.json written
235 silly loadAllDepsIntoIdealTree Finishing
236 silly loadIdealTree Finishing
237 silly currentTree lib
238 silly idealTree lib
238 silly idealTree └─┬ express-generator@4.15.5
238 silly idealTree   ├── commander@2.11.0
238 silly idealTree   ├── ejs@2.5.7
238 silly idealTree   ├── minimist@0.0.8
238 silly idealTree   ├── mkdirp@0.5.1
238 silly idealTree   └── sorted-object@2.0.1
239 silly generateActionsToTake Starting
240 silly install generateActionsToTake
241 warn checkPermissions Missing write access to /usr/lib/node_modules
242 silly rollbackFailedOptional Starting
243 silly rollbackFailedOptional Finishing
244 silly runTopLevelLifecycles Finishing
245 silly install printInstalled
246 verbose stack Error: EACCES: permission denied, access '/usr/lib/node_modules'
246 verbose stack     at Error (native)
247 verbose cwd /home/tblondel/Bureau/airport_project/serveur
248 error Linux 4.4.0-53-generic
249 error argv "/usr/bin/node" "/usr/bin/npm" "install" "express-generator" "-g"
250 error node v6.11.4
251 error npm  v3.10.10
252 error path /usr/lib/node_modules
253 error code EACCES
254 error errno -13
255 error syscall access
256 error Error: EACCES: permission denied, access '/usr/lib/node_modules'
256 error     at Error (native)
256 error  { Error: EACCES: permission denied, access '/usr/lib/node_modules'
256 error     at Error (native)
256 error   errno: -13,
256 error   code: 'EACCES',
256 error   syscall: 'access',
256 error   path: '/usr/lib/node_modules' }
257 error Please try running this command again as root/Administrator.
258 verbose exit [ -13, true ]
